<?xml version="1.0" encoding="UTF-8"?>
<!-- Generated by org.testng.reporters.JUnitReportReporter -->
<testsuite hostname="DESKTOP-8BFQEVJ" failures="0" tests="2" name="cucumberOptions.TestRunner" time="45.392" errors="0" timestamp="2022-10-15T19:34:08 IST" skipped="0">
  <testcase classname="cucumberOptions.TestRunner" name="runScenario" time="20.029"/>
  <system-out/>
  <testcase classname="cucumberOptions.TestRunner" name="runScenario" time="25.363"/>
  <system-out/>
</testsuite> <!-- cucumberOptions.TestRunner -->
